<?xml version="1.0" encoding="UTF-8"?>
<!-- Generated by org.testng.reporters.JUnitReportReporter -->
<testsuite hostname="Debu" failures="0" tests="5" name="TestRunner.MyTestRunner2" time="42.031" errors="0" timestamp="2025-09-08T01:15:53 IST" skipped="0">
  <testcase classname="TestRunner.MyTestRunner2" name="runScenario" time="9.112"/>
  <testcase classname="TestRunner.MyTestRunner2" name="runScenario" time="11.501"/>
  <testcase classname="TestRunner.MyTestRunner2" name="runScenario" time="9.546"/>
  <testcase classname="TestRunner.MyTestRunner2" name="runScenario" time="4.828"/>
  <testcase classname="TestRunner.MyTestRunner2" name="runScenario" time="7.044"/>
</testsuite> <!-- TestRunner.MyTestRunner2 -->
